[15_22:32:51]: Start UpdatePatchFile
[15_22:32:51]: Start UpdatePatchFile22
[15_22:32:58]: Start Unzip
[15_22:33:02]: Start Update
[15_22:33:06]: Start AnalysisFileUpdate
[15_22:33:06]: Start CheckIsLzma
[15_22:33:06]: Start DoAnalysisFile
[15_22:33:06]: start m_bUserXdel
[15_22:33:08]: Start AnalysisFileUpdate
[15_22:33:08]: Start CheckIsLzma
[15_22:33:08]: Start DoAnalysisFile
[15_22:33:08]: start m_bUserXdel
[15_22:33:09]: Start AnalysisFileUpdate
[15_22:33:09]: Start CheckIsLzma
[15_22:33:09]: Start DoAnalysisFile
[15_22:33:09]: start m_bUserXdel
[15_22:33:13]: Start AnalysisFileUpdate
[15_22:33:13]: Start CheckIsLzma
[15_22:33:13]: Start DoAnalysisFile
[15_22:33:13]: start m_bUserXdel
[15_22:33:18]: Start AnalysisFileUpdate
[15_22:33:18]: Start CheckIsLzma
[15_22:33:18]: Start DoAnalysisFile
[15_22:33:18]: start m_bUserXdel
[15_22:33:25]: Start AnalysisFileUpdate
[15_22:33:25]: Start CheckIsLzma
[15_22:33:25]: Start DoAnalysisFile
[15_22:33:25]: start m_bUserXdel
[15_22:33:35]: Start AnalysisFileUpdate
[15_22:33:35]: Start CheckIsLzma
[15_22:33:35]: Start DoAnalysisFile
[15_22:33:35]: start m_bUserXdel
[15_22:33:47]: Start AnalysisFileUpdate
[15_22:33:47]: Start CheckIsLzma
[15_22:33:47]: Start DoAnalysisFile
[15_22:33:47]: start m_bUserXdel
[15_22:33:49]: Start AnalysisFileUpdate
[15_22:33:49]: Start CheckIsLzma
[15_22:33:49]: Start DoAnalysisFile
[15_22:33:49]: start m_bUserXdel
[15_22:33:56]: Start AnalysisFileUpdate
[15_22:33:56]: Start CheckIsLzma
[15_22:33:56]: Start DoAnalysisFile
[15_22:33:56]: start m_bUserXdel
[15_22:33:58]: Start AnalysisFileUpdate
[15_22:33:58]: Start CheckIsLzma
[15_22:33:58]: Start DoAnalysisFile
[15_22:33:58]: start m_bUserXdel
[15_22:34:00]: Start AnalysisFileUpdate
[15_22:34:00]: Start CheckIsLzma
[15_22:34:00]: Start DoAnalysisFile
[15_22:34:00]: start m_bUserXdel
[15_22:34:16]: Start AnalysisFileUpdate
[15_22:34:16]: Start CheckIsLzma
[15_22:34:16]: Start DoAnalysisFile
[15_22:34:16]: start m_bUserXdel
[15_22:34:18]: Start AnalysisFileUpdate
[15_22:34:18]: Start CheckIsLzma
[15_22:34:18]: Start DoAnalysisFile
[15_22:34:18]: start m_bUserXdel
[15_22:34:23]: Start AnalysisFileUpdate
[15_22:34:23]: Start CheckIsLzma
[15_22:34:23]: Start DoAnalysisFile
[15_22:34:23]: start m_bUserXdel
[15_22:34:29]: Start AnalysisFileUpdate
[15_22:34:29]: Start CheckIsLzma
[15_22:34:29]: Start DoAnalysisFile
[15_22:34:29]: start m_bUserXdel
[15_22:34:36]: Start AnalysisFileUpdate
[15_22:34:36]: Start CheckIsLzma
[15_22:34:36]: Start DoAnalysisFile
[15_22:34:36]: start m_bUserXdel
[15_22:34:46]: Start AnalysisFileUpdate
[15_22:34:46]: Start CheckIsLzma
[15_22:34:46]: Start DoAnalysisFile
[15_22:34:46]: start m_bUserXdel
[15_22:34:58]: Start AnalysisFileUpdate
[15_22:34:58]: Start CheckIsLzma
[15_22:34:58]: Start DoAnalysisFile
[15_22:34:58]: start m_bUserXdel
[15_22:35:04]: Start AnalysisFileUpdate
[15_22:35:04]: Start CheckIsLzma
[15_22:35:04]: Start DoAnalysisFile
[15_22:35:04]: start m_bUserXdel
[15_22:35:16]: Start AnalysisFileUpdate
[15_22:35:16]: Start CheckIsLzma
[15_22:35:16]: Start DoAnalysisFile
[15_22:35:16]: start m_bUserXdel
[15_22:35:28]: Start AnalysisFileUpdate
[15_22:35:28]: Start CheckIsLzma
[15_22:35:28]: Start DoAnalysisFile
[15_22:35:28]: start m_bUserXdel
[15_22:35:44]: Start AnalysisFileUpdate
[15_22:35:44]: Start CheckIsLzma
[15_22:35:44]: Start DoAnalysisFile
[15_22:35:44]: start m_bUserXdel
[15_22:36:00]: Start CopyFile_testUpdate
[15_22:38:09]: FILE=CyPatchUser.cpp,LINE=567 ,CP_USER_SUCCESS 
